[2025-03-03T08:31:04.103+0000] {taskinstance.py:1956} INFO - Dependencies all met for dep_context=non-requeueable deps ti=<TaskInstance: dag_ingest_data.add_new_data scheduled__2025-03-03T08:30:01+00:00 [queued]>
[2025-03-03T08:31:04.107+0000] {taskinstance.py:1956} INFO - Dependencies all met for dep_context=requeueable deps ti=<TaskInstance: dag_ingest_data.add_new_data scheduled__2025-03-03T08:30:01+00:00 [queued]>
[2025-03-03T08:31:04.107+0000] {taskinstance.py:2170} INFO - Starting attempt 2 of 2
[2025-03-03T08:31:04.113+0000] {taskinstance.py:2191} INFO - Executing <Task(PythonOperator): add_new_data> on 2025-03-03 08:30:01+00:00
[2025-03-03T08:31:04.116+0000] {standard_task_runner.py:60} INFO - Started process 854 to run task
[2025-03-03T08:31:04.118+0000] {standard_task_runner.py:87} INFO - Running: ['***', 'tasks', 'run', 'dag_ingest_data', 'add_new_data', 'scheduled__2025-03-03T08:30:01+00:00', '--job-id', '23', '--raw', '--subdir', 'DAGS_FOLDER/dag_ingest_data.py', '--cfg-path', '/tmp/tmp24kacm85']
[2025-03-03T08:31:04.118+0000] {standard_task_runner.py:88} INFO - Job 23: Subtask add_new_data
[2025-03-03T08:31:04.124+0000] {warnings.py:109} WARNING - /home/***/.local/lib/python3.8/site-packages/***/settings.py:194: DeprecationWarning: The sql_alchemy_conn option in [core] has been moved to the sql_alchemy_conn option in [database] - the old setting has been used, but please update your config.
  SQL_ALCHEMY_CONN = conf.get("database", "SQL_ALCHEMY_CONN")

[2025-03-03T08:31:04.139+0000] {task_command.py:423} INFO - Running <TaskInstance: dag_ingest_data.add_new_data scheduled__2025-03-03T08:30:01+00:00 [running]> on host 87f967beecb5
[2025-03-03T08:31:04.169+0000] {taskinstance.py:2480} INFO - Exporting env vars: AIRFLOW_CTX_DAG_OWNER='***' AIRFLOW_CTX_DAG_ID='dag_ingest_data' AIRFLOW_CTX_TASK_ID='add_new_data' AIRFLOW_CTX_EXECUTION_DATE='2025-03-03T08:30:01+00:00' AIRFLOW_CTX_TRY_NUMBER='2' AIRFLOW_CTX_DAG_RUN_ID='scheduled__2025-03-03T08:30:01+00:00'
[2025-03-03T08:31:04.181+0000] {taskinstance.py:2698} ERROR - Task failed with exception
Traceback (most recent call last):
  File "/home/airflow/.local/lib/python3.8/site-packages/airflow/models/taskinstance.py", line 433, in _execute_task
    result = execute_callable(context=context, **execute_callable_kwargs)
  File "/home/airflow/.local/lib/python3.8/site-packages/airflow/operators/python.py", line 199, in execute
    return_value = self.execute_callable()
  File "/home/airflow/.local/lib/python3.8/site-packages/airflow/operators/python.py", line 216, in execute_callable
    return self.python_callable(*self.op_args, **self.op_kwargs)
  File "/opt/airflow/dags/dag_ingest_data.py", line 26, in add_new_data
    df_ = pd.read_csv(DATA_PATH_UNSEEN)
  File "/home/airflow/.local/lib/python3.8/site-packages/pandas/io/parsers/readers.py", line 912, in read_csv
    return _read(filepath_or_buffer, kwds)
  File "/home/airflow/.local/lib/python3.8/site-packages/pandas/io/parsers/readers.py", line 577, in _read
    parser = TextFileReader(filepath_or_buffer, **kwds)
  File "/home/airflow/.local/lib/python3.8/site-packages/pandas/io/parsers/readers.py", line 1407, in __init__
    self._engine = self._make_engine(f, self.engine)
  File "/home/airflow/.local/lib/python3.8/site-packages/pandas/io/parsers/readers.py", line 1661, in _make_engine
    self.handles = get_handle(
  File "/home/airflow/.local/lib/python3.8/site-packages/pandas/io/common.py", line 859, in get_handle
    handle = open(
FileNotFoundError: [Errno 2] No such file or directory: '/opt/airflow/processed/unseen.csv'
[2025-03-03T08:31:04.185+0000] {taskinstance.py:1138} INFO - Marking task as FAILED. dag_id=dag_ingest_data, task_id=add_new_data, execution_date=20250303T083001, start_date=20250303T083104, end_date=20250303T083104
[2025-03-03T08:31:04.190+0000] {standard_task_runner.py:107} ERROR - Failed to execute job 23 for task add_new_data ([Errno 2] No such file or directory: '/opt/airflow/processed/unseen.csv'; 854)
[2025-03-03T08:31:04.245+0000] {local_task_job_runner.py:234} INFO - Task exited with return code 1
[2025-03-03T08:31:04.252+0000] {taskinstance.py:3280} INFO - 0 downstream tasks scheduled from follow-on schedule check
